<?xml version="1.0" encoding="UTF-8"?>
<!-- Generated by org.testng.reporters.JUnitReportReporter -->
<testsuite hostname="DESKTOP-V0PE4ET" failures="0" tests="2" name="com.mymaven.test.RegisterTest" time="0.000" errors="0" timestamp="4 Mar 2023 06:17:33 GMT">
  <testcase classname="com.mymaven.test.RegisterTest" name="verifyRegisteringWithAllFields" time="0.000"/>
  <testcase classname="com.mymaven.test.RegisterTest" name="verifyRegisteringWithMandatory" time="0.000"/>
</testsuite>
